2026-04-01 16:25:04,970 [INFO] ==================================================
2026-04-01 16:25:04,970 [INFO] シフト最適化パイプライン 開始
2026-04-01 16:25:04,971 [INFO] ==================================================
2026-04-01 16:25:04,971 [INFO] [Step 1] データ読み込み
2026-04-01 16:25:04,975 [INFO] 需要調整: Wed_morning 3→2
2026-04-01 16:25:04,975 [INFO] 需要調整: Sun_afternoon 2→1
2026-04-01 16:25:04,975 [INFO]   従業員: 10名, シフト: 21件
2026-04-01 16:25:04,976 [INFO]   供給: 368h, 需要(調整後): 368h
2026-04-01 16:25:04,976 [INFO] [Step 2] バリデーション
2026-04-01 16:25:04,976 [INFO]   バリデーション OK
2026-04-01 16:25:04,976 [INFO] [Step 3] CP-SAT最適化 (time_limit=30s)
2026-04-01 16:25:05,042 [INFO] CP-SAT status: OPTIMAL
2026-04-01 16:25:05,042 [INFO] [Step 4] 結果検証
2026-04-01 16:25:05,042 [INFO]   割当数: 46
2026-04-01 16:25:05,043 [INFO]   HC1不足: 0枠
2026-04-01 16:25:05,043 [INFO]   HC2超過: 0名
2026-04-01 16:25:05,043 [INFO]   時間偏差: 5.59h
2026-04-01 16:25:05,043 [INFO]   夜勤3回以上: 0名
2026-04-01 16:25:05,043 [INFO] [Step 5] 結果出力
2026-04-01 16:25:05,046 [INFO] シフト表出力: /mnt/d/works/mathematical_optimizer_skill/workspace/examples/shift_scheduling/results/schedule_20260401_162504.csv
2026-04-01 16:25:05,049 [INFO] メタデータ出力: /mnt/d/works/mathematical_optimizer_skill/workspace/examples/shift_scheduling/results/meta_20260401_162504.json
2026-04-01 16:25:05,053 [INFO] ==================================================
2026-04-01 16:25:05,054 [INFO] シフト最適化パイプライン 完了
2026-04-01 16:25:05,054 [INFO] ==================================================
