2026-04-01 16:48:08,438 [INFO] ==================================================
2026-04-01 16:48:08,439 [INFO] 施設配置最適化パイプライン 開始
2026-04-01 16:48:08,439 [INFO] ==================================================
2026-04-01 16:48:08,439 [INFO] [Step 1] データ読み込み
2026-04-01 16:48:08,444 [INFO]   候補施設: 10, 顧客: 30
2026-04-01 16:48:08,444 [INFO]   総需要: 3820, 総容量: 10200
2026-04-01 16:48:08,445 [INFO] [Step 2] バリデーション
2026-04-01 16:48:08,445 [INFO]   バリデーション OK
2026-04-01 16:48:08,445 [INFO] [Step 3] CFL ソルバー実行
2026-04-01 16:48:08,445 [INFO]   CFL ソルバー実行中 (time_limit=60s)...
2026-04-01 16:48:13,210 [INFO]   ステータス: Optimal (4.8秒)
2026-04-01 16:48:13,215 [INFO] [Step 4] 結果検証
2026-04-01 16:48:13,217 [INFO]   開設施設: ['W01', 'W06', 'W09', 'W10']
2026-04-01 16:48:13,217 [INFO]   総コスト: 3124407 円/月
2026-04-01 16:48:13,220 [INFO]   固定費: 2950000, 輸送費: 174407
2026-04-01 16:48:13,220 [INFO]   平均距離: 38.8km, 最大距離: 104.8km
2026-04-01 16:48:13,220 [INFO]   50kmカバレッジ: 22/30 (73.3%)
2026-04-01 16:48:13,220 [INFO]   容量違反: なし
2026-04-01 16:48:13,221 [WARNING]   注意: 50kmカバレッジ: 22/30 (73.3%)
2026-04-01 16:48:13,221 [INFO] [Step 5] 結果出力
2026-04-01 16:48:13,225 [INFO] 施設計画出力: /mnt/d/works/mathematical_optimizer_skill/workspace/examples/facility_location/results/facility_plan_20260401_164808.json
2026-04-01 16:48:13,229 [INFO] ==================================================
2026-04-01 16:48:13,230 [INFO] 施設配置最適化パイプライン 完了
2026-04-01 16:48:13,230 [INFO] ==================================================
