2026-04-01 16:25:06,293 [INFO] ==================================================
2026-04-01 16:25:06,293 [INFO] 介護マッチング最適化パイプライン 開始
2026-04-01 16:25:06,293 [INFO] ==================================================
2026-04-01 16:25:06,293 [INFO] [Step 1] データ読み込み
2026-04-01 16:25:06,299 [INFO]   利用者: 15名, ヘルパー: 10名, 履歴: 20件
2026-04-01 16:25:06,299 [INFO] [Step 2] バリデーション
2026-04-01 16:25:06,299 [INFO]   バリデーション OK
2026-04-01 16:25:06,300 [INFO] [Step 3] CP-SAT最適化 (time_limit=60s)
2026-04-01 16:25:06,357 [INFO] CP-SAT status: OPTIMAL
2026-04-01 16:25:06,357 [INFO] [Step 4] 結果検証
2026-04-01 16:25:06,358 [INFO]   マッチ: 15/15名
2026-04-01 16:25:06,359 [INFO]   HC違反: 0件
2026-04-01 16:25:06,359 [INFO]   平均互換性: 82.67
2026-04-01 16:25:06,359 [INFO]   性別一致率: 80.0%
2026-04-01 16:25:06,359 [INFO]   地区一致率: 100.0%
2026-04-01 16:25:06,360 [INFO]   継続維持: 7/7ペア
2026-04-01 16:25:06,360 [INFO]   負荷偏差: 0.6708
2026-04-01 16:25:06,360 [INFO] [Step 5] 結果出力
2026-04-01 16:25:06,363 [INFO] マッチング表出力: /mnt/d/works/mathematical_optimizer_skill/workspace/examples/care_matching/results/matching_20260401_162506.csv
2026-04-01 16:25:06,366 [INFO] メタデータ出力: /mnt/d/works/mathematical_optimizer_skill/workspace/examples/care_matching/results/meta_20260401_162506.json
2026-04-01 16:25:06,371 [INFO] ==================================================
2026-04-01 16:25:06,372 [INFO] 介護マッチング最適化パイプライン 完了
2026-04-01 16:25:06,372 [INFO] ==================================================
