2026-03-30 12:31:18,338 [INFO] ==================================================
2026-03-30 12:31:18,338 [INFO] 日次配送ルート最適化パイプライン開始
2026-03-30 12:31:18,338 [INFO] ==================================================
2026-03-30 12:31:18,338 [INFO] Step 1: データ取得
2026-03-30 12:31:18,342 [INFO]   デポ: 品川配送センター, 顧客: 20件, 車両: 3台
2026-03-30 12:31:18,342 [INFO] Step 2: バリデーション
2026-03-30 12:31:18,342 [INFO]   需要815kg > 1便容量750kg → AM/PM分割が必要
2026-03-30 12:31:18,343 [INFO]   バリデーション OK
2026-03-30 12:31:18,343 [INFO] Step 3: AM/PM分割
2026-03-30 12:31:18,343 [INFO]   AM: 11件 (455kg), PM: 9件 (360kg)
2026-03-30 12:31:18,345 [INFO] Step 4: 最適化実行
2026-03-30 12:32:18,385 [INFO]   AM便: 解探索成功 (obj=56410)
2026-03-30 12:33:18,387 [INFO]   PM便: 解探索成功 (obj=54335)
2026-03-30 12:33:18,387 [INFO] Step 5: 結果検証
2026-03-30 12:33:18,390 [INFO]   検証OK: 20/20件配送, 110.7km, ¥12961
2026-03-30 12:33:18,391 [INFO] Step 6: 結果出力
2026-03-30 12:33:18,401 [INFO]   ルートデータ: /mnt/d/works/mathematical_optimizer_skill/workspace/examples/delivery_routing/results/routes_20260330_123118.json
2026-03-30 12:33:18,402 [INFO]   配送指示書: /mnt/d/works/mathematical_optimizer_skill/workspace/examples/delivery_routing/results/route_sheet_20260330_123118.txt
2026-03-30 12:33:18,423 [INFO] ==================================================
2026-03-30 12:33:18,423 [INFO] 完了: /mnt/d/works/mathematical_optimizer_skill/workspace/examples/delivery_routing/results/route_sheet_20260330_123118.txt
2026-03-30 12:33:18,423 [INFO] ==================================================
