2026-04-01 16:48:14,012 [INFO] ==================================================
2026-04-01 16:48:14,012 [INFO] 構造最適化パイプライン 開始
2026-04-01 16:48:14,012 [INFO] ==================================================
2026-04-01 16:48:14,012 [INFO] [Step 1] データ読み込み
2026-04-01 16:48:14,017 [INFO]   問題: 片持ち梁の断面・トポロジー最適化
2026-04-01 16:48:14,017 [INFO]   材料: SS400 (一般構造用圧延鋼材)
2026-04-01 16:48:14,017 [INFO] [Step 2] バリデーション
2026-04-01 16:48:14,018 [INFO]   バリデーション OK
2026-04-01 16:48:14,018 [INFO] [Step 3] 断面最適化（SLSQP）
2026-04-01 16:48:14,018 [INFO]   SLSQP で断面最適化中...
2026-04-01 16:48:14,131 [INFO] 梁断面最適化を開始: method=SLSQP, loads=2個
2026-04-01 16:48:14,134 [INFO] 最適化完了: weight=89.01 kg, stress_ratio=1.00, defl_ratio=0.91
2026-04-01 16:48:14,139 [INFO]   幅: 0.0500 m, 高さ: 0.1134 m
2026-04-01 16:48:14,140 [INFO]   重量: 89.0 kg
2026-04-01 16:48:14,140 [INFO]   応力比: 1.000, たわみ比: 0.915
2026-04-01 16:48:14,141 [INFO]   収束: True (0.121秒)
2026-04-01 16:48:14,141 [INFO] [Step 4] トポロジー最適化（SIMP法）
2026-04-01 16:48:14,141 [INFO]   SIMP法でトポロジー最適化中 (vf=40%, 80x30)...
2026-04-01 16:48:14,141 [INFO] トポロジー最適化を開始: 80x30要素, vf=0.40, p=3.0
2026-04-01 16:48:14,275 [INFO]   iter   1: compliance=1331.2689, vol=0.4000, change=0.2000
2026-04-01 16:48:15,397 [INFO]   iter  10: compliance=287.7474, vol=0.4001, change=0.2000
2026-04-01 16:48:16,951 [INFO]   iter  20: compliance=196.8524, vol=0.4002, change=0.1110
2026-04-01 16:48:18,738 [INFO]   iter  30: compliance=190.1767, vol=0.4000, change=0.0096
2026-04-01 16:48:18,739 [INFO] 収束しました (change=0.009647 < tol=0.0100)
2026-04-01 16:48:18,739 [INFO] トポロジー最適化完了: compliance=190.1767, vol=0.4000, 30反復, 4.60秒
2026-04-01 16:48:18,755 [INFO]   コンプライアンス: 190.1767
2026-04-01 16:48:18,755 [INFO]   体積率: 40.0%
2026-04-01 16:48:18,756 [INFO]   反復数: 30 (4.6秒)
2026-04-01 16:48:18,756 [INFO] [Step 5] 結果検証
2026-04-01 16:48:18,756 [INFO]   全制約を満足しています
2026-04-01 16:48:18,756 [INFO]   重量削減率: 96.2% (最大断面 2355.0kg -> 89.0kg)
2026-04-01 16:48:18,756 [INFO] [Step 6] 結果出力
2026-04-01 16:48:18,758 [INFO] 設計データ出力: /mnt/d/works/mathematical_optimizer_skill/workspace/examples/structural_design/results/design_20260401_164813.json
2026-04-01 16:48:18,763 [INFO] トポロジー密度出力: /mnt/d/works/mathematical_optimizer_skill/workspace/examples/structural_design/results/topology_20260401_164813.npy
2026-04-01 16:48:18,763 [INFO] ==================================================
2026-04-01 16:48:18,763 [INFO] 構造最適化パイプライン 完了
2026-04-01 16:48:18,763 [INFO] ==================================================
